This is pdfTeX, Version 3.1415926-2.5-1.40.14 (TeX Live 2013/Debian) (format=pdflatex 2015.5.29)  4 JUL 2015 21:26
entering extended mode
 restricted \write18 enabled.
 %&-line parsing enabled.
**1.0-Walkthrough.tex
(./1.0-Walkthrough.tex
LaTeX2e <2011/06/27>
Babel <3.9h> and hyphenation patterns for 2 languages loaded.
(/usr/share/texlive/texmf-dist/tex/latex/base/article.cls
Document Class: article 2007/10/19 v1.4h Standard LaTeX document class
(/usr/share/texlive/texmf-dist/tex/latex/base/size10.clo
File: size10.clo 2007/10/19 v1.4h Standard LaTeX file (size option)
)
\c@part=\count79
\c@section=\count80
\c@subsection=\count81
\c@subsubsection=\count82
\c@paragraph=\count83
\c@subparagraph=\count84
\c@figure=\count85
\c@table=\count86
\abovecaptionskip=\skip41
\belowcaptionskip=\skip42
\bibindent=\dimen102
)
(/usr/share/texlive/texmf-dist/tex/latex/graphics/graphicx.sty
Package: graphicx 1999/02/16 v1.0f Enhanced LaTeX Graphics (DPC,SPQR)

(/usr/share/texlive/texmf-dist/tex/latex/graphics/keyval.sty
Package: keyval 1999/03/16 v1.13 key=value parser (DPC)
\KV@toks@=\toks14
)
(/usr/share/texlive/texmf-dist/tex/latex/graphics/graphics.sty
Package: graphics 2009/02/05 v1.0o Standard LaTeX Graphics (DPC,SPQR)

(/usr/share/texlive/texmf-dist/tex/latex/graphics/trig.sty
Package: trig 1999/03/16 v1.09 sin cos tan (DPC)
)
(/usr/share/texlive/texmf-dist/tex/latex/latexconfig/graphics.cfg
File: graphics.cfg 2010/04/23 v1.9 graphics configuration of TeX Live
)
Package graphics Info: Driver file: pdftex.def on input line 91.

(/usr/share/texlive/texmf-dist/tex/latex/pdftex-def/pdftex.def
File: pdftex.def 2011/05/27 v0.06d Graphics/color for pdfTeX

(/usr/share/texlive/texmf-dist/tex/generic/oberdiek/infwarerr.sty
Package: infwarerr 2010/04/08 v1.3 Providing info/warning/error messages (HO)
)
(/usr/share/texlive/texmf-dist/tex/generic/oberdiek/ltxcmds.sty
Package: ltxcmds 2011/11/09 v1.22 LaTeX kernel commands for general use (HO)
)
\Gread@gobject=\count87
))
\Gin@req@height=\dimen103
\Gin@req@width=\dimen104
)

LaTeX Warning: Unused global option(s):
    [16pt].

(./1.0-Walkthrough.aux)
\openout1 = `1.0-Walkthrough.aux'.

LaTeX Font Info:    Checking defaults for OML/cmm/m/it on input line 5.
LaTeX Font Info:    ... okay on input line 5.
LaTeX Font Info:    Checking defaults for T1/cmr/m/n on input line 5.
LaTeX Font Info:    ... okay on input line 5.
LaTeX Font Info:    Checking defaults for OT1/cmr/m/n on input line 5.
LaTeX Font Info:    ... okay on input line 5.
LaTeX Font Info:    Checking defaults for OMS/cmsy/m/n on input line 5.
LaTeX Font Info:    ... okay on input line 5.
LaTeX Font Info:    Checking defaults for OMX/cmex/m/n on input line 5.
LaTeX Font Info:    ... okay on input line 5.
LaTeX Font Info:    Checking defaults for U/cmr/m/n on input line 5.
LaTeX Font Info:    ... okay on input line 5.

(/usr/share/texlive/texmf-dist/tex/context/base/supp-pdf.mkii
[Loading MPS to PDF converter (version 2006.09.02).]
\scratchcounter=\count88
\scratchdimen=\dimen105
\scratchbox=\box26
\nofMPsegments=\count89
\nofMParguments=\count90
\everyMPshowfont=\toks15
\MPscratchCnt=\count91
\MPscratchDim=\dimen106
\MPnumerator=\count92
\makeMPintoPDFobject=\count93
\everyMPtoPDFconversion=\toks16
) (/usr/share/texlive/texmf-dist/tex/generic/oberdiek/pdftexcmds.sty
Package: pdftexcmds 2011/11/29 v0.20 Utility functions of pdfTeX for LuaTeX (HO
)

(/usr/share/texlive/texmf-dist/tex/generic/oberdiek/ifluatex.sty
Package: ifluatex 2010/03/01 v1.3 Provides the ifluatex switch (HO)
Package ifluatex Info: LuaTeX not detected.
)
(/usr/share/texlive/texmf-dist/tex/generic/oberdiek/ifpdf.sty
Package: ifpdf 2011/01/30 v2.3 Provides the ifpdf switch (HO)
Package ifpdf Info: pdfTeX in PDF mode is detected.
)
Package pdftexcmds Info: LuaTeX not detected.
Package pdftexcmds Info: \pdf@primitive is available.
Package pdftexcmds Info: \pdf@ifprimitive is available.
Package pdftexcmds Info: \pdfdraftmode found.
)
(/usr/share/texlive/texmf-dist/tex/latex/oberdiek/epstopdf-base.sty
Package: epstopdf-base 2010/02/09 v2.5 Base part for package epstopdf

(/usr/share/texlive/texmf-dist/tex/latex/oberdiek/grfext.sty
Package: grfext 2010/08/19 v1.1 Manage graphics extensions (HO)

(/usr/share/texlive/texmf-dist/tex/generic/oberdiek/kvdefinekeys.sty
Package: kvdefinekeys 2011/04/07 v1.3 Define keys (HO)
))
(/usr/share/texlive/texmf-dist/tex/latex/oberdiek/kvoptions.sty
Package: kvoptions 2011/06/30 v3.11 Key value format for package options (HO)

(/usr/share/texlive/texmf-dist/tex/generic/oberdiek/kvsetkeys.sty
Package: kvsetkeys 2012/04/25 v1.16 Key value parser (HO)

(/usr/share/texlive/texmf-dist/tex/generic/oberdiek/etexcmds.sty
Package: etexcmds 2011/02/16 v1.5 Avoid name clashes with e-TeX commands (HO)
Package etexcmds Info: Could not find \expanded.
(etexcmds)             That can mean that you are not using pdfTeX 1.50 or
(etexcmds)             that some package has redefined \expanded.
(etexcmds)             In the latter case, load this package earlier.
)))
Package grfext Info: Graphics extension search list:
(grfext)             [.png,.pdf,.jpg,.mps,.jpeg,.jbig2,.jb2,.PNG,.PDF,.JPG,.JPE
G,.JBIG2,.JB2,.eps]
(grfext)             \AppendGraphicsExtensions on input line 452.

(/usr/share/texlive/texmf-dist/tex/latex/latexconfig/epstopdf-sys.cfg
File: epstopdf-sys.cfg 2010/07/13 v1.3 Configuration of (r)epstopdf for TeX Liv
e
))
[1

{/var/lib/texmf/fonts/map/pdftex/updmap/pdftex.map}]
Overfull \hbox (2.01329pt too wide) in paragraph at lines 65--67
[]\OT1/cmr/m/n/10 If you use face fur-ther prob-lems use GRUB cus-tomizer from 
UBUNTU 
 []


Overfull \hbox (33.43024pt too wide) in paragraph at lines 87--88
[]\OT1/cmr/m/n/10 Download open-HAB from its Github repos-i-tory https://github
.com/openhab 
 []


Overfull \hbox (36.36467pt too wide) in paragraph at lines 92--93
[]\OT1/cmr/bx/n/14.4 Installatio-of-Apache2-,-PHP-and-MySQL-LAMP-
 []

[2]
Overfull \hbox (44.087pt too wide) in paragraph at lines 129--132
[]\OT1/cmtt/m/n/10 sysconf[]addword /etc/sysconfig/SuSEfirewall2 FW[]CONFIGURAT
IONS[]EXT
 []


Overfull \hbox (83.0589pt too wide) in paragraph at lines 129--132
\OT1/cmtt/m/n/10 apache2 sysconf[]addword /etc/sysconfig/SuSEfirewall2 FW[]CONF
IGURATIONS[]EXT
 []


Overfull \hbox (1.24742pt too wide) in paragraph at lines 166--167
[]\OT1/cmtt/m/n/10 sudo apt-get install php5 libapache2-mod-php5 php5-mcrypt 
 []

[3]
LaTeX Font Info:    Try loading font information for OML+cmr on input line 248.

 (/usr/share/texlive/texmf-dist/tex/latex/base/omlcmr.fd
File: omlcmr.fd 1999/05/25 v2.5h Standard LaTeX font definitions
)
LaTeX Font Info:    Font shape `OML/cmr/m/n' in size <10> not available
(Font)              Font shape `OML/cmm/m/it' tried instead on input line 248.

Overfull \hbox (1.23964pt too wide) in paragraph at lines 250--253
\OT1/cmr/m/n/10 the sys-tem. In-stal-la-tion codes are: \OML/cmm/m/it/10 >\OT1/
cmtt/m/n/10 sudo zypper install mongodb-org 
 []

[4]
Overfull \hbox (11.30437pt too wide) in paragraph at lines 296--298
[]\OT1/cmtt/m/n/10 sudo npm install mosca bunyan -g \OT1/cmr/m/n/10 //for in-st
alling mosca glob-
 []

[5]
LaTeX Font Info:    Try loading font information for OMS+cmr on input line 424.

 (/usr/share/texlive/texmf-dist/tex/latex/base/omscmr.fd
File: omscmr.fd 1999/05/25 v2.5h Standard LaTeX font definitions
)
LaTeX Font Info:    Font shape `OMS/cmr/m/n' in size <10> not available
(Font)              Font shape `OMS/cmsy/m/n' tried instead on input line 424.
 [6] [7] [8]
[9] [10] [11] [12]
Overfull \hbox (3.63947pt too wide) in paragraph at lines 929--932
[]\OT1/cmr/m/n/10 This is an-other al-ter-na-tive to the same, Us-ing dual Hbri
dge driver DRV8841 
 []

[13]
Overfull \hbox (29.02722pt too wide) in paragraph at lines 981--982
[]\OT1/cmtt/m/n/10 sudo python esptool.py --port /dev/ttyUSB0 write[]flash 0x00
000
 []

[14] [15]
LaTeX Font Info:    Font shape `OMS/cmr/m/it' in size <10> not available
(Font)              Font shape `OMS/cmsy/m/n' tried instead on input line 1066.


Overfull \hbox (1.83096pt too wide) in paragraph at lines 1103--1107
[]\OT1/cmr/m/n/10 The lo-cal IP must be changed in the the ESP and also the \OM
L/cmm/m/it/10 >\OT1/cmtt/m/n/10 client-pub.js
 []

[16]
Overfull \hbox (10.2639pt too wide) in paragraph at lines 1165--1166
[]\OT1/cmr/bx/n/17.28 Message que-ing teleme-try trans-port pro-
 []

[17]
LaTeX Font Info:    Font shape `OML/cmr/m/it' in size <10> not available
(Font)              Font shape `OML/cmm/m/it' tried instead on input line 1217.


Overfull \hbox (84.74638pt too wide) in paragraph at lines 1258--1259
[]\OT1/cmtt/m/n/10 javacript mqtt:broker.url=tcp://192.168.0.100:1883 mqtt:brok
er.clientId=openhab 
 []

[18]
Underfull \hbox (badness 10000) in paragraph at lines 1283--1284

 []


Underfull \hbox (badness 10000) in paragraph at lines 1284--1285

 []


Underfull \hbox (badness 10000) in paragraph at lines 1285--1286

 []


Underfull \hbox (badness 10000) in paragraph at lines 1286--1287

 []

LaTeX Font Info:    Font shape `OMS/cmr/bx/n' in size <10> not available
(Font)              Font shape `OMS/cmsy/b/n' tried instead on input line 1295.


Overfull \hbox (52.5873pt too wide) in paragraph at lines 1303--1315
\OMS/cmsy/m/n/10 j \OT1/cmr/m/n/10 seen \OMS/cmsy/m/n/10 j \OT1/cmr/m/n/10 time
s-tamp \OMS/cmsy/m/n/10 j \OT1/cmr/m/n/10 NO \OMS/cmsy/m/n/10 j j \OT1/cmr/m/n/
10 CUR-RENT[]TIMESTAMP \OMS/cmsy/m/n/10 j \OT1/cmr/m/n/10 on up-date CUR-RENT[]
TIMESTAMP
 []

[19]
LaTeX Font Info:    Font shape `OML/cmr/bx/n' in size <10> not available
(Font)              Font shape `OML/cmm/b/it' tried instead on input line 1383.

 [20]
LaTeX Font Info:    Font shape `OT1/cmtt/bx/n' in size <10> not available
(Font)              Font shape `OT1/cmtt/m/n' tried instead on input line 1471.


Overfull \hbox (15.36903pt too wide) in paragraph at lines 1491--1494
[]\OT1/cmr/m/n/10 wifi.NONE[]SLEEP: wake up de-vice from LIGHT[]SLEEP or MO-DEM
[]SLEEP
 []

[21]
Missing character: There is no Î in font cmr10!
Missing character: There is no ¼ in font cmr10!
Missing character: There is no Î in font cmr10!
Missing character: There is no ¼ in font cmr10!
 [22]
</home/kevin/git_IoT_WiKi/eYSIP_2015_IoT-Connected-valves-for-irrigation-of-gre
enhouse.wiki/images/average_current1.png, id=86, 831.105pt x 520.94624pt>
File: /home/kevin/git_IoT_WiKi/eYSIP_2015_IoT-Connected-valves-for-irrigation-o
f-greenhouse.wiki/images/average_current1.png Graphic file (type png)

<use /home/kevin/git_IoT_WiKi/eYSIP_2015_IoT-Connected-valves-for-irrigation-of
-greenhouse.wiki/images/average_current1.png>
Package pdftex.def Info: /home/kevin/git_IoT_WiKi/eYSIP_2015_IoT-Connected-valv
es-for-irrigation-of-greenhouse.wiki/images/average_current1.png used on input 
line 1643.
(pdftex.def)             Requested size: 413.99895pt x 259.49475pt.

Overfull \hbox (68.99895pt too wide) in paragraph at lines 1643--1644
[][] 
 []


</home/kevin/git_IoT_WiKi/eYSIP_2015_IoT-Connected-valves-for-irrigation-of-gre
enhouse.wiki/images/peak_current1.png, id=88, 819.06pt x 532.99126pt>
File: /home/kevin/git_IoT_WiKi/eYSIP_2015_IoT-Connected-valves-for-irrigation-o
f-greenhouse.wiki/images/peak_current1.png Graphic file (type png)

<use /home/kevin/git_IoT_WiKi/eYSIP_2015_IoT-Connected-valves-for-irrigation-of
-greenhouse.wiki/images/peak_current1.png>
Package pdftex.def Info: /home/kevin/git_IoT_WiKi/eYSIP_2015_IoT-Connected-valv
es-for-irrigation-of-greenhouse.wiki/images/peak_current1.png used on input lin
e 1655.
(pdftex.def)             Requested size: 413.99895pt x 269.40651pt.

Overfull \hbox (68.99895pt too wide) in paragraph at lines 1655--1656
[][] 
 []


</home/kevin/git_IoT_WiKi/eYSIP_2015_IoT-Connected-valves-for-irrigation-of-gre
enhouse.wiki/images/breakup1.png, id=89, 780.9175pt x 552.0625pt>
File: /home/kevin/git_IoT_WiKi/eYSIP_2015_IoT-Connected-valves-for-irrigation-o
f-greenhouse.wiki/images/breakup1.png Graphic file (type png)

<use /home/kevin/git_IoT_WiKi/eYSIP_2015_IoT-Connected-valves-for-irrigation-of
-greenhouse.wiki/images/breakup1.png>
Package pdftex.def Info: /home/kevin/git_IoT_WiKi/eYSIP_2015_IoT-Connected-valv
es-for-irrigation-of-greenhouse.wiki/images/breakup1.png used on input line 166
7.
(pdftex.def)             Requested size: 413.99895pt x 292.67596pt.

Overfull \hbox (68.99895pt too wide) in paragraph at lines 1667--1668
[][] 
 []

[23] [24 </home/kevin/git_IoT_WiKi/eYSIP_2015_IoT-Connected-valves-for-irrigati
on-of-greenhouse.wiki/images/average_current1.png>] [25 </home/kevin/git_IoT_Wi
Ki/eYSIP_2015_IoT-Connected-valves-for-irrigation-of-greenhouse.wiki/images/pea
k_current1.png>] [26 </home/kevin/git_IoT_WiKi/eYSIP_2015_IoT-Connected-valves-
for-irrigation-of-greenhouse.wiki/images/breakup1.png>]
Missing character: There is no â in font cmr10!
Missing character: There is no „ in font cmr10!
Missing character: There is no ¦ in font cmr10!
 [27] [28] [29]
(./1.0-Walkthrough.aux) ) 
Here is how much of TeX's memory you used:
 1539 strings out of 495028
 23447 string characters out of 6181497
 78165 words of memory out of 5000000
 4749 multiletter control sequences out of 15000+600000
 7166 words of font info for 26 fonts, out of 8000000 for 9000
 14 hyphenation exceptions out of 8191
 37i,5n,23p,305b,243s stack positions out of 5000i,500n,10000p,200000b,80000s
</usr/share/texlive/texmf-dist/fonts/type1/public/amsf
onts/cm/cmbsy10.pfb></usr/share/texlive/texmf-dist/fonts/type1/public/amsfonts/
cm/cmbx10.pfb></usr/share/texlive/texmf-dist/fonts/type1/public/amsfonts/cm/cmb
x12.pfb></usr/share/texlive/texmf-dist/fonts/type1/public/amsfonts/cm/cmbxti10.
pfb></usr/share/texlive/texmf-dist/fonts/type1/public/amsfonts/cm/cmitt10.pfb><
/usr/share/texlive/texmf-dist/fonts/type1/public/amsfonts/cm/cmmi10.pfb></usr/s
hare/texlive/texmf-dist/fonts/type1/public/amsfonts/cm/cmmib10.pfb></usr/share/
texlive/texmf-dist/fonts/type1/public/amsfonts/cm/cmr10.pfb></usr/share/texlive
/texmf-dist/fonts/type1/public/amsfonts/cm/cmr12.pfb></usr/share/texlive/texmf-
dist/fonts/type1/public/amsfonts/cm/cmr17.pfb></usr/share/texlive/texmf-dist/fo
nts/type1/public/amsfonts/cm/cmsl10.pfb></usr/share/texlive/texmf-dist/fonts/ty
pe1/public/amsfonts/cm/cmsy10.pfb></usr/share/texlive/texmf-dist/fonts/type1/pu
blic/amsfonts/cm/cmti10.pfb></usr/share/texlive/texmf-dist/fonts/type1/public/a
msfonts/cm/cmtt10.pfb>
Output written on 1.0-Walkthrough.pdf (29 pages, 257787 bytes).
PDF statistics:
 161 PDF objects out of 1000 (max. 8388607)
 108 compressed objects within 2 object streams
 0 named destinations out of 1000 (max. 500000)
 16 words of extra memory for PDF output out of 10000 (max. 10000000)

