This is pdfTeX, Version 3.1415926-2.5-1.40.14 (TeX Live 2013/Debian) (format=pdflatex 2015.5.29)  7 JUL 2015 18:50
entering extended mode
 restricted \write18 enabled.
 %&-line parsing enabled.
**1.0-Walkthrough.tex
(./1.0-Walkthrough.tex
LaTeX2e <2011/06/27>
Babel <3.9h> and hyphenation patterns for 2 languages loaded.
(/usr/share/texlive/texmf-dist/tex/latex/base/article.cls
Document Class: article 2007/10/19 v1.4h Standard LaTeX document class
(/usr/share/texlive/texmf-dist/tex/latex/base/size10.clo
File: size10.clo 2007/10/19 v1.4h Standard LaTeX file (size option)
)
\c@part=\count79
\c@section=\count80
\c@subsection=\count81
\c@subsubsection=\count82
\c@paragraph=\count83
\c@subparagraph=\count84
\c@figure=\count85
\c@table=\count86
\abovecaptionskip=\skip41
\belowcaptionskip=\skip42
\bibindent=\dimen102
)
(/usr/share/texlive/texmf-dist/tex/latex/graphics/graphicx.sty
Package: graphicx 1999/02/16 v1.0f Enhanced LaTeX Graphics (DPC,SPQR)

(/usr/share/texlive/texmf-dist/tex/latex/graphics/keyval.sty
Package: keyval 1999/03/16 v1.13 key=value parser (DPC)
\KV@toks@=\toks14
)
(/usr/share/texlive/texmf-dist/tex/latex/graphics/graphics.sty
Package: graphics 2009/02/05 v1.0o Standard LaTeX Graphics (DPC,SPQR)

(/usr/share/texlive/texmf-dist/tex/latex/graphics/trig.sty
Package: trig 1999/03/16 v1.09 sin cos tan (DPC)
)
(/usr/share/texlive/texmf-dist/tex/latex/latexconfig/graphics.cfg
File: graphics.cfg 2010/04/23 v1.9 graphics configuration of TeX Live
)
Package graphics Info: Driver file: pdftex.def on input line 91.

(/usr/share/texlive/texmf-dist/tex/latex/pdftex-def/pdftex.def
File: pdftex.def 2011/05/27 v0.06d Graphics/color for pdfTeX

(/usr/share/texlive/texmf-dist/tex/generic/oberdiek/infwarerr.sty
Package: infwarerr 2010/04/08 v1.3 Providing info/warning/error messages (HO)
)
(/usr/share/texlive/texmf-dist/tex/generic/oberdiek/ltxcmds.sty
Package: ltxcmds 2011/11/09 v1.22 LaTeX kernel commands for general use (HO)
)
\Gread@gobject=\count87
))
\Gin@req@height=\dimen103
\Gin@req@width=\dimen104
)
(/usr/share/texlive/texmf-dist/tex/latex/tools/array.sty
Package: array 2008/09/09 v2.4c Tabular extension package (FMi)
\col@sep=\dimen105
\extrarowheight=\dimen106
\NC@list=\toks15
\extratabsurround=\skip43
\backup@length=\skip44
)
(/usr/share/texlive/texmf-dist/tex/latex/hyperref/hyperref.sty
Package: hyperref 2012/11/06 v6.83m Hypertext links for LaTeX

(/usr/share/texlive/texmf-dist/tex/generic/oberdiek/hobsub-hyperref.sty
Package: hobsub-hyperref 2012/05/28 v1.13 Bundle oberdiek, subset hyperref (HO)


(/usr/share/texlive/texmf-dist/tex/generic/oberdiek/hobsub-generic.sty
Package: hobsub-generic 2012/05/28 v1.13 Bundle oberdiek, subset generic (HO)
Package: hobsub 2012/05/28 v1.13 Construct package bundles (HO)
Package hobsub Info: Skipping package `infwarerr' (already loaded).
Package hobsub Info: Skipping package `ltxcmds' (already loaded).
Package: ifluatex 2010/03/01 v1.3 Provides the ifluatex switch (HO)
Package ifluatex Info: LuaTeX not detected.
Package: ifvtex 2010/03/01 v1.5 Detect VTeX and its facilities (HO)
Package ifvtex Info: VTeX not detected.
Package: intcalc 2007/09/27 v1.1 Expandable calculations with integers (HO)
Package: ifpdf 2011/01/30 v2.3 Provides the ifpdf switch (HO)
Package ifpdf Info: pdfTeX in PDF mode is detected.
Package: etexcmds 2011/02/16 v1.5 Avoid name clashes with e-TeX commands (HO)
Package etexcmds Info: Could not find \expanded.
(etexcmds)             That can mean that you are not using pdfTeX 1.50 or
(etexcmds)             that some package has redefined \expanded.
(etexcmds)             In the latter case, load this package earlier.
Package: kvsetkeys 2012/04/25 v1.16 Key value parser (HO)
Package: kvdefinekeys 2011/04/07 v1.3 Define keys (HO)
Package: pdftexcmds 2011/11/29 v0.20 Utility functions of pdfTeX for LuaTeX (HO
)
Package pdftexcmds Info: LuaTeX not detected.
Package pdftexcmds Info: \pdf@primitive is available.
Package pdftexcmds Info: \pdf@ifprimitive is available.
Package pdftexcmds Info: \pdfdraftmode found.
Package: pdfescape 2011/11/25 v1.13 Implements pdfTeX's escape features (HO)
Package: bigintcalc 2012/04/08 v1.3 Expandable calculations on big integers (HO
)
Package: bitset 2011/01/30 v1.1 Handle bit-vector datatype (HO)
Package: uniquecounter 2011/01/30 v1.2 Provide unlimited unique counter (HO)
)
Package hobsub Info: Skipping package `hobsub' (already loaded).
Package: letltxmacro 2010/09/02 v1.4 Let assignment for LaTeX macros (HO)
Package: hopatch 2012/05/28 v1.2 Wrapper for package hooks (HO)
Package: xcolor-patch 2011/01/30 xcolor patch
Package: atveryend 2011/06/30 v1.8 Hooks at the very end of document (HO)
Package atveryend Info: \enddocument detected (standard20110627).
Package: atbegshi 2011/10/05 v1.16 At begin shipout hook (HO)
Package: refcount 2011/10/16 v3.4 Data extraction from label references (HO)
Package: hycolor 2011/01/30 v1.7 Color options for hyperref/bookmark (HO)
)
(/usr/share/texlive/texmf-dist/tex/generic/ifxetex/ifxetex.sty
Package: ifxetex 2010/09/12 v0.6 Provides ifxetex conditional
)
(/usr/share/texlive/texmf-dist/tex/latex/oberdiek/auxhook.sty
Package: auxhook 2011/03/04 v1.3 Hooks for auxiliary files (HO)
)
(/usr/share/texlive/texmf-dist/tex/latex/oberdiek/kvoptions.sty
Package: kvoptions 2011/06/30 v3.11 Key value format for package options (HO)
)
\@linkdim=\dimen107
\Hy@linkcounter=\count88
\Hy@pagecounter=\count89

(/usr/share/texlive/texmf-dist/tex/latex/hyperref/pd1enc.def
File: pd1enc.def 2012/11/06 v6.83m Hyperref: PDFDocEncoding definition (HO)
)
\Hy@SavedSpaceFactor=\count90

(/usr/share/texlive/texmf-dist/tex/latex/latexconfig/hyperref.cfg
File: hyperref.cfg 2002/06/06 v1.2 hyperref configuration of TeXLive
)
Package hyperref Info: Hyper figures OFF on input line 4443.
Package hyperref Info: Link nesting OFF on input line 4448.
Package hyperref Info: Hyper index ON on input line 4451.
Package hyperref Info: Plain pages OFF on input line 4458.
Package hyperref Info: Backreferencing OFF on input line 4463.
Package hyperref Info: Implicit mode ON; LaTeX internals redefined.
Package hyperref Info: Bookmarks ON on input line 4688.
\c@Hy@tempcnt=\count91

(/usr/share/texlive/texmf-dist/tex/latex/url/url.sty
\Urlmuskip=\muskip10
Package: url 2013/09/16  ver 3.4  Verb mode for urls, etc.
)
LaTeX Info: Redefining \url on input line 5041.
\XeTeXLinkMargin=\dimen108
\Fld@menulength=\count92
\Field@Width=\dimen109
\Fld@charsize=\dimen110
Package hyperref Info: Hyper figures OFF on input line 6295.
Package hyperref Info: Link nesting OFF on input line 6300.
Package hyperref Info: Hyper index ON on input line 6303.
Package hyperref Info: backreferencing OFF on input line 6310.
Package hyperref Info: Link coloring OFF on input line 6315.
Package hyperref Info: Link coloring with OCG OFF on input line 6320.
Package hyperref Info: PDF/A mode OFF on input line 6325.
LaTeX Info: Redefining \ref on input line 6365.
LaTeX Info: Redefining \pageref on input line 6369.
\Hy@abspage=\count93
\c@Item=\count94
\c@Hfootnote=\count95
)

Package hyperref Message: Driver (autodetected): hpdftex.

(/usr/share/texlive/texmf-dist/tex/latex/hyperref/hpdftex.def
File: hpdftex.def 2012/11/06 v6.83m Hyperref driver for pdfTeX
\Fld@listcount=\count96
\c@bookmark@seq@number=\count97

(/usr/share/texlive/texmf-dist/tex/latex/oberdiek/rerunfilecheck.sty
Package: rerunfilecheck 2011/04/15 v1.7 Rerun checks for auxiliary files (HO)
Package uniquecounter Info: New unique counter `rerunfilecheck' on input line 2
82.
)
\Hy@SectionHShift=\skip45
)

LaTeX Warning: Unused global option(s):
    [16pt].

(./1.0-Walkthrough.aux

LaTeX Warning: Label `my-label' multiply defined.


LaTeX Warning: Label `my-label' multiply defined.


LaTeX Warning: Label `my-label' multiply defined.

)
\openout1 = `1.0-Walkthrough.aux'.

LaTeX Font Info:    Checking defaults for OML/cmm/m/it on input line 9.
LaTeX Font Info:    ... okay on input line 9.
LaTeX Font Info:    Checking defaults for T1/cmr/m/n on input line 9.
LaTeX Font Info:    ... okay on input line 9.
LaTeX Font Info:    Checking defaults for OT1/cmr/m/n on input line 9.
LaTeX Font Info:    ... okay on input line 9.
LaTeX Font Info:    Checking defaults for OMS/cmsy/m/n on input line 9.
LaTeX Font Info:    ... okay on input line 9.
LaTeX Font Info:    Checking defaults for OMX/cmex/m/n on input line 9.
LaTeX Font Info:    ... okay on input line 9.
LaTeX Font Info:    Checking defaults for U/cmr/m/n on input line 9.
LaTeX Font Info:    ... okay on input line 9.
LaTeX Font Info:    Checking defaults for PD1/pdf/m/n on input line 9.
LaTeX Font Info:    ... okay on input line 9.
 (/usr/share/texlive/texmf-dist/tex/context/base/supp-pdf.mkii
[Loading MPS to PDF converter (version 2006.09.02).]
\scratchcounter=\count98
\scratchdimen=\dimen111
\scratchbox=\box26
\nofMPsegments=\count99
\nofMParguments=\count100
\everyMPshowfont=\toks16
\MPscratchCnt=\count101
\MPscratchDim=\dimen112
\MPnumerator=\count102
\makeMPintoPDFobject=\count103
\everyMPtoPDFconversion=\toks17
) (/usr/share/texlive/texmf-dist/tex/latex/oberdiek/epstopdf-base.sty
Package: epstopdf-base 2010/02/09 v2.5 Base part for package epstopdf

(/usr/share/texlive/texmf-dist/tex/latex/oberdiek/grfext.sty
Package: grfext 2010/08/19 v1.1 Manage graphics extensions (HO)
)
Package grfext Info: Graphics extension search list:
(grfext)             [.png,.pdf,.jpg,.mps,.jpeg,.jbig2,.jb2,.PNG,.PDF,.JPG,.JPE
G,.JBIG2,.JB2,.eps]
(grfext)             \AppendGraphicsExtensions on input line 452.

(/usr/share/texlive/texmf-dist/tex/latex/latexconfig/epstopdf-sys.cfg
File: epstopdf-sys.cfg 2010/07/13 v1.3 Configuration of (r)epstopdf for TeX Liv
e
))
\AtBeginShipoutBox=\box27
Package hyperref Info: Link coloring OFF on input line 9.

(/usr/share/texlive/texmf-dist/tex/latex/hyperref/nameref.sty
Package: nameref 2012/10/27 v2.43 Cross-referencing by name of section

(/usr/share/texlive/texmf-dist/tex/generic/oberdiek/gettitlestring.sty
Package: gettitlestring 2010/12/03 v1.4 Cleanup title references (HO)
)
\c@section@level=\count104
)
LaTeX Info: Redefining \ref on input line 9.
LaTeX Info: Redefining \pageref on input line 9.
LaTeX Info: Redefining \nameref on input line 9.

(./1.0-Walkthrough.out) (./1.0-Walkthrough.out)
\@outlinefile=\write3
\openout3 = `1.0-Walkthrough.out'.


<images/eyantralogo.png, id=301, 601.24625pt x 120.45pt>
File: images/eyantralogo.png Graphic file (type png)

<use images/eyantralogo.png>
Package pdftex.def Info: images/eyantralogo.png used on input line 19.
(pdftex.def)             Requested size: 413.99895pt x 82.94148pt.

Overfull \hbox (68.99895pt too wide) in paragraph at lines 19--20
 [][] 
 []


Underfull \hbox (badness 10000) in paragraph at lines 17--22

 []


Underfull \hbox (badness 10000) in paragraph at lines 24--26

 []

LaTeX Font Info:    External font `cmex10' loaded for size
(Font)              <7> on input line 31.
LaTeX Font Info:    External font `cmex10' loaded for size
(Font)              <5> on input line 31.

Underfull \hbox (badness 10000) in paragraph at lines 31--32

 []


Underfull \hbox (badness 10000) in paragraph at lines 53--54

 []


Underfull \hbox (badness 10000) in paragraph at lines 59--60

 []


Underfull \hbox (badness 10000) in paragraph at lines 66--67

 []

[1

{/var/lib/texmf/fonts/map/pdftex/updmap/pdftex.map} <./images/eyantralogo.png>]
 (./1.0-Walkthrough.tocpdfTeX warning (ext4): destination with the same identif
ier (name{page.1}) has been already used, duplicate ignored
<to be read again> 
                   \relax 
l.40 ...g telemetry transport}{24}{subsection.8.2}
                                                   [1])
\tf@toc=\write4
\openout4 = `1.0-Walkthrough.toc'.

 [2]
Underfull \hbox (badness 10000) in paragraph at lines 77--81

 []


Underfull \hbox (badness 10000) in paragraph at lines 82--84

 []

[3]
Underfull \hbox (badness 10000) in paragraph at lines 97--98

 []

LaTeX Font Info:    Try loading font information for OMS+cmr on input line 111.

(/usr/share/texlive/texmf-dist/tex/latex/base/omscmr.fd
File: omscmr.fd 1999/05/25 v2.5h Standard LaTeX font definitions
)
LaTeX Font Info:    Font shape `OMS/cmr/m/n' in size <10> not available
(Font)              Font shape `OMS/cmsy/m/n' tried instead on input line 111.
 [4]
Overfull \hbox (10.3467pt too wide) in paragraph at lines 139--141
[]\OT1/cmr/m/n/10 If you use face fur-ther prob-lems use GRUB cus-tomizer from 
UBUNTU.Install
 []


Underfull \hbox (badness 10000) in paragraph at lines 147--148

 []

[5]
Overfull \hbox (12.08698pt too wide) in paragraph at lines 198--201
[]\OT1/cmtt/m/n/10 sysconf[]addword /etc/sysconfig/SuSEfirewall2 FW[]CONFIGURAT
IONS[]EXT
 []


Overfull \hbox (36.05887pt too wide) in paragraph at lines 198--201
\OT1/cmtt/m/n/10 apache2 sysconf[]addword /etc/sysconfig/SuSEfirewall2 FW[]CONF
IGURATIONS[]EXT
 []

[6]
LaTeX Font Info:    Try loading font information for OML+cmr on input line 335.

 (/usr/share/texlive/texmf-dist/tex/latex/base/omlcmr.fd
File: omlcmr.fd 1999/05/25 v2.5h Standard LaTeX font definitions
)
LaTeX Font Info:    Font shape `OML/cmr/m/n' in size <10> not available
(Font)              Font shape `OML/cmm/m/it' tried instead on input line 335.
 [7] [8]
<images/mosca.jpg, id=438, 529.98pt x 179.92218pt>
File: images/mosca.jpg Graphic file (type jpg)
 <use images/mosca.jpg>
Package pdftex.def Info: images/mosca.jpg used on input line 450.
(pdftex.def)             Requested size: 241.49895pt x 81.9855pt.

[9 <./images/mosca.jpg>] [10]
<images/latch_valve.jpg, id=464, 160.6pt x 162.6075pt>
File: images/latch_valve.jpg Graphic file (type jpg)

<use images/latch_valve.jpg>
Package pdftex.def Info: images/latch_valve.jpg used on input line 633.
(pdftex.def)             Requested size: 137.9979pt x 139.72559pt.
 [11] [12 <./images/latch_valve.jpg>]
Overfull \hbox (198.86234pt too wide) in paragraph at lines 735--740
\OT1/cmr/m/n/10 bind-ing etc) from the ad-don zip down-loaded from the []https:
//bintray.com/artifact/download/openhab/bin/distribution-
 []


Overfull \hbox (84.74638pt too wide) in paragraph at lines 746--747
[]\OT1/cmtt/m/n/10 javacript mqtt:broker.url=tcp://192.168.0.100:1883 mqtt:brok
er.clientId=openhab 
 []

[13] [14] <images/ESP1.jpg, id=507, 352.31625pt x 240.14719pt>
File: images/ESP1.jpg Graphic file (type jpg)

<use images/ESP1.jpg>
Package pdftex.def Info: images/ESP1.jpg used on input line 863.
(pdftex.def)             Requested size: 137.9979pt x 94.06009pt.
 [15]
<images/ADC.jpeg, id=520, 169.38281pt x 169.38281pt>
File: images/ADC.jpeg Graphic file (type jpg)
 <use images/ADC.jpeg>
Package pdftex.def Info: images/ADC.jpeg used on input line 903.
(pdftex.def)             Requested size: 137.9979pt x 138.00311pt.

[16 <./images/ESP1.jpg> <./images/ADC.jpeg>]
<images/divider.jpeg, id=527, 235.88126pt x 262.9825pt>
File: images/divider.jpeg Graphic file (type jpg)

<use images/divider.jpeg>
Package pdftex.def Info: images/divider.jpeg used on input line 946.
(pdftex.def)             Requested size: 103.50105pt x 115.39162pt.
LaTeX Font Info:    Try loading font information for OML+cmtt on input line 965
.
LaTeX Font Info:    No file OMLcmtt.fd. on input line 965.


LaTeX Font Warning: Font shape `OML/cmtt/m/n' undefined
(Font)              using `OML/cmm/m/it' instead
(Font)              for symbol `textless' on input line 965.

[17 <./images/divider.jpeg>] [18]
<images/ESP8266.jpg, id=540, 3934.7pt x 2212.265pt>
File: images/ESP8266.jpg Graphic file (type jpg)
 <use images/ESP8266.jpg>
Package pdftex.def Info: images/ESP8266.jpg used on input line 1064.
(pdftex.def)             Requested size: 241.49895pt x 135.76825pt.

[19] <images/valve.jpg, id=549, 3934.7pt x 2212.265pt>
File: images/valve.jpg Graphic file (type jpg)
 <use images/valve.jpg>
Package pdftex.def Info: images/valve.jpg used on input line 1146.
(pdftex.def)             Requested size: 241.49895pt x 135.76825pt.

[20 <./images/ESP8266.jpg>]
Overfull \hbox (3.63947pt too wide) in paragraph at lines 1168--1171
[]\OT1/cmr/m/n/10 This is an-other al-ter-na-tive to the same, Us-ing dual Hbri
dge driver DRV8841
 []

[21 <./images/valve.jpg>]
Overfull \hbox (29.02722pt too wide) in paragraph at lines 1222--1223
[]\OT1/cmtt/m/n/10 sudo python esptool.py --port /dev/ttyUSB0 write[]flash 0x00
000
 []

[22]
Underfull \hbox (badness 10000) in paragraph at lines 1277--1282

 []


Overfull \hbox (54.61014pt too wide) in paragraph at lines 1283--1299
[]\OT1/cmtt/m/n/10 pip install pyserial\OT1/cmr/m/n/10 , \OT1/cmtt/m/n/10 easy[
]install pyserial \OT1/cmr/m/n/10 or \OT1/cmtt/m/n/10 apt-get install python-se
rial 
 []

[23] [24]
Overfull \hbox (35.84859pt too wide) in paragraph at lines 1384--1387
[]\OT1/cmr/m/n/10 Look through MQTT as a pro-to-col and its API doc-u-men-ta-ti
on []API[]documentation[] 
 []

[25]
LaTeX Font Info:    Font shape `OML/cmr/m/it' in size <10> not available
(Font)              Font shape `OML/cmm/m/it' tried instead on input line 1418.

LaTeX Font Info:    Font shape `OMS/cmr/bx/it' in size <10> not available
(Font)              Font shape `OMS/cmsy/b/n' tried instead on input line 1418.

LaTeX Font Info:    Try loading font information for OMS+cmtt on input line 142
0.
LaTeX Font Info:    No file OMScmtt.fd. on input line 1420.


LaTeX Font Warning: Font shape `OMS/cmtt/m/it' undefined
(Font)              using `OMS/cmsy/m/n' instead
(Font)              for symbol `textbar' on input line 1420.

LaTeX Font Info:    Font shape `OMS/cmr/m/it' in size <10> not available
(Font)              Font shape `OMS/cmsy/m/n' tried instead on input line 1452.

[26]
Overfull \hbox (1.83096pt too wide) in paragraph at lines 1494--1498
[]\OT1/cmr/m/n/10 The lo-cal IP must be changed in the the ESP and also the \OM
L/cmm/m/it/10 >\OT1/cmtt/m/n/10 client-pub.js
 []


Overfull \hbox (3.54301pt too wide) in paragraph at lines 1509--1510
\OT1/cmr/bx/n/10 UI part con-sist of PHP core, MySQL and ph-p-MQTT li-brary(SSK
AJE)
 []


Underfull \hbox (badness 10000) in paragraph at lines 1509--1510

 []

[27]
LaTeX Font Info:    External font `cmex10' loaded for size
(Font)              <14.4> on input line 1512.


! LaTeX Error: \caption outside float.

See the LaTeX manual or LaTeX Companion for explanation.
Type  H <return>  for immediate help.
 ...                                              
                                                  
l.1535 	 \caption
                 {Table 1: Devices table}
You're in trouble here.  Try typing  <return>  to proceed.
If that doesn't work, type  X <return>  to quit.


Overfull \hbox (118.0893pt too wide) in paragraph at lines 1535--1548
 [][] 
 []


! LaTeX Error: \caption outside float.

See the LaTeX manual or LaTeX Companion for explanation.
Type  H <return>  for immediate help.
 ...                                              
                                                  
l.1556 	\caption
                {Table 2: Groups table}
You're in trouble here.  Try typing  <return>  to proceed.
If that doesn't work, type  X <return>  to quit.


Overfull \hbox (27.26636pt too wide) in paragraph at lines 1556--1563
 [][] 
 []


! LaTeX Error: \caption outside float.

See the LaTeX manual or LaTeX Companion for explanation.
Type  H <return>  for immediate help.
 ...                                              
                                                  
l.1571 	\caption
                {Table 3: Sensors Table}
You're in trouble here.  Try typing  <return>  to proceed.
If that doesn't work, type  X <return>  to quit.


Overfull \hbox (27.26636pt too wide) in paragraph at lines 1571--1578
 [][] 
 []


! LaTeX Error: \caption outside float.

See the LaTeX manual or LaTeX Companion for explanation.
Type  H <return>  for immediate help.
 ...                                              
                                                  
l.1585 \caption
               {Table 4: Tasks Table}
You're in trouble here.  Try typing  <return>  to proceed.
If that doesn't work, type  X <return>  to quit.


Overfull \hbox (27.26636pt too wide) in paragraph at lines 1585--1595
 [][] 
 []

[28]
LaTeX Font Info:    Font shape `OML/cmr/bx/n' in size <10> not available
(Font)              Font shape `OML/cmm/b/it' tried instead on input line 1608.


Underfull \hbox (badness 10000) in paragraph at lines 1623--1624

 []

<images/homepage.png, id=624, 1028.34187pt x 578.16pt>
File: images/homepage.png Graphic file (type png)

<use images/homepage.png>
Package pdftex.def Info: images/homepage.png used on input line 1638.
(pdftex.def)             Requested size: 413.99895pt x 232.75964pt.

Overfull \hbox (68.99895pt too wide) in paragraph at lines 1638--1639
[][] 
 []

<images/menu.png, id=625, 722.7pt x 1284.8pt>
File: images/menu.png Graphic file (type png)
 <use images/menu.png>
Package pdftex.def Info: images/menu.png used on input line 1640.
(pdftex.def)             Requested size: 172.5pt x 306.65271pt.


LaTeX Warning: Float too large for page by 38.30124pt on input line 1643.

<images/schedule.png, id=626, 1028.34187pt x 578.16pt>
File: images/schedule.png Graphic file (type png)

<use images/schedule.png>
Package pdftex.def Info: images/schedule.png used on input line 1646.
(pdftex.def)             Requested size: 413.99895pt x 232.75964pt.

Overfull \hbox (68.99895pt too wide) in paragraph at lines 1646--1647
[][] 
 []

<images/schedule_page.png, id=627, 722.7pt x 1284.8pt>
File: images/schedule_page.png Graphic file (type png)

<use images/schedule_page.png>
Package pdftex.def Info: images/schedule_page.png used on input line 1648.
(pdftex.def)             Requested size: 172.5pt x 306.65271pt.


LaTeX Warning: Float too large for page by 38.30124pt on input line 1650.

<images/devices.png, id=628, 1028.34187pt x 578.16pt>
File: images/devices.png Graphic file (type png)
 <use images/devices.png>
Package pdftex.def Info: images/devices.png used on input line 1653.
(pdftex.def)             Requested size: 413.99895pt x 232.75964pt.

Overfull \hbox (68.99895pt too wide) in paragraph at lines 1653--1654
[][] 
 []

<images/devices_page.png, id=629, 722.7pt x 1284.8pt>
File: images/devices_page.png Graphic file (type png)

<use images/devices_page.png>
Package pdftex.def Info: images/devices_page.png used on input line 1655.
(pdftex.def)             Requested size: 172.5pt x 306.65271pt.


LaTeX Warning: Float too large for page by 38.30124pt on input line 1657.

<images/manage1.png, id=630, 1028.34187pt x 578.16pt>
File: images/manage1.png Graphic file (type png)
 <use images/manage1.png>
Package pdftex.def Info: images/manage1.png used on input line 1660.
(pdftex.def)             Requested size: 413.99895pt x 232.75964pt.

Overfull \hbox (68.99895pt too wide) in paragraph at lines 1660--1661
[][] 
 []

<images/manage_page.png, id=631, 722.7pt x 1284.8pt>
File: images/manage_page.png Graphic file (type png)

<use images/manage_page.png>
Package pdftex.def Info: images/manage_page.png used on input line 1662.
(pdftex.def)             Requested size: 172.5pt x 306.65271pt.


LaTeX Warning: Float too large for page by 38.30124pt on input line 1665.

<images/manage2.png, id=632, 1028.34187pt x 578.16pt>
File: images/manage2.png Graphic file (type png)
 <use images/manage2.png>
Package pdftex.def Info: images/manage2.png used on input line 1667.
(pdftex.def)             Requested size: 413.99895pt x 232.75964pt.

Overfull \hbox (68.99895pt too wide) in paragraph at lines 1667--1668
[][] 
 []

[29] [30 <./images/homepage.png> <./images/menu.png>] [31 <./images/schedule.pn
g> <./images/schedule_page.png>] [32 <./images/devices.png> <./images/devices_p
age.png>] [33 <./images/manage1.png> <./images/manage_page.png>] [34 <./images/
manage2.png>]
LaTeX Font Info:    Font shape `OT1/cmtt/bx/n' in size <10> not available
(Font)              Font shape `OT1/cmtt/m/n' tried instead on input line 1752.


Overfull \hbox (28.93256pt too wide) in paragraph at lines 1771--1774
[]\OT1/cmr/bx/it/10 wifi.NONE[]SLEEP\OT1/cmr/m/n/10 : wake up de-vice from LIGH
T[]SLEEP or MO-DEM[]SLEEP
 []

[35]
Underfull \hbox (badness 10000) in paragraph at lines 1858--1860

 []


Underfull \hbox (badness 10000) in paragraph at lines 1863--1865

 []

[36]
Underfull \hbox (badness 10000) in paragraph at lines 1868--1870

 []

[37] <images/average_current1.png, id=687, 831.105pt x 520.94624pt>
File: images/average_current1.png Graphic file (type png)

<use images/average_current1.png>
Package pdftex.def Info: images/average_current1.png used on input line 1960.
(pdftex.def)             Requested size: 413.99895pt x 259.49475pt.

Overfull \hbox (68.99895pt too wide) in paragraph at lines 1960--1961
[] 
 []

<images/peak_current1.png, id=688, 819.06pt x 532.99126pt>
File: images/peak_current1.png Graphic file (type png)

<use images/peak_current1.png>
Package pdftex.def Info: images/peak_current1.png used on input line 1989.
(pdftex.def)             Requested size: 413.99895pt x 269.40651pt.

Overfull \hbox (68.99895pt too wide) in paragraph at lines 1989--1990
[][] 
 []

<images/breakup1.png, id=689, 780.9175pt x 552.0625pt>
File: images/breakup1.png Graphic file (type png)

<use images/breakup1.png>
Package pdftex.def Info: images/breakup1.png used on input line 2022.
(pdftex.def)             Requested size: 413.99895pt x 292.67596pt.

Overfull \hbox (68.99895pt too wide) in paragraph at lines 2022--2023
[] 
 []

[38] [39 <./images/average_current1.png>] [40 <./images/peak_current1.png>]
[41 <./images/breakup1.png>]
Missing character: There is no â in font cmr10!
Missing character: There is no „ in font cmr10!
Missing character: There is no ¦ in font cmr10!
 [42] [43]
<images/schema.png, id=727, 1203.49625pt x 555.07375pt>
File: images/schema.png Graphic file (type png)

<use images/schema.png>
Package pdftex.def Info: images/schema.png used on input line 2195.
(pdftex.def)             Requested size: 413.99895pt x 190.94164pt.

Overfull \hbox (68.99895pt too wide) in paragraph at lines 2195--2196
[][] 
 []

[44 <./images/schema.png>]
<images/cvpcb.png, id=742, 906.38625pt x 589.20125pt>
File: images/cvpcb.png Graphic file (type png)
 <use images/cvpcb.png>
Package pdftex.def Info: images/cvpcb.png used on input line 2267.
(pdftex.def)             Requested size: 345.0pt x 224.2674pt.

[45 <./images/cvpcb.png>]
Underfull \hbox (badness 10000) in paragraph at lines 2294--2296

 []


Underfull \hbox (badness 10000) in paragraph at lines 2297--2299

 []

[46] [47]
Package atveryend Info: Empty hook `BeforeClearDocument' on input line 2357.
 [48]
Package atveryend Info: Empty hook `AfterLastShipout' on input line 2357.
 (./1.0-Walkthrough.aux)
Package atveryend Info: Executing hook `AtVeryEndDocument' on input line 2357.
Package atveryend Info: Executing hook `AtEndAfterFileList' on input line 2357.

Package rerunfilecheck Info: File `1.0-Walkthrough.out' has not changed.
(rerunfilecheck)             Checksum: 73EB7280091F658218D8326161BD595F;5082.


LaTeX Font Warning: Some font shapes were not available, defaults substituted.


LaTeX Warning: There were multiply-defined labels.

Package atveryend Info: Empty hook `AtVeryVeryEnd' on input line 2357.
 ) 
Here is how much of TeX's memory you used:
 5569 strings out of 495028
 82561 string characters out of 6181497
 159665 words of memory out of 5000000
 8502 multiletter control sequences out of 15000+600000
 8386 words of font info for 30 fonts, out of 8000000 for 9000
 14 hyphenation exceptions out of 8191
 29i,9n,28p,366b,402s stack positions out of 5000i,500n,10000p,200000b,80000s
</usr/share/texlive/texmf-dist/fonts/type1/public/amsfonts/cm/cmbsy10.pfb></u
sr/share/texlive/texmf-dist/fonts/type1/public/amsfonts/cm/cmbx10.pfb></usr/sha
re/texlive/texmf-dist/fonts/type1/public/amsfonts/cm/cmbx12.pfb></usr/share/tex
live/texmf-dist/fonts/type1/public/amsfonts/cm/cmbxti10.pfb></usr/share/texlive
/texmf-dist/fonts/type1/public/amsfonts/cm/cmitt10.pfb></usr/share/texlive/texm
f-dist/fonts/type1/public/amsfonts/cm/cmmi10.pfb></usr/share/texlive/texmf-dist
/fonts/type1/public/amsfonts/cm/cmmib10.pfb></usr/share/texlive/texmf-dist/font
s/type1/public/amsfonts/cm/cmr10.pfb></usr/share/texlive/texmf-dist/fonts/type1
/public/amsfonts/cm/cmr12.pfb></usr/share/texlive/texmf-dist/fonts/type1/public
/amsfonts/cm/cmsl10.pfb></usr/share/texlive/texmf-dist/fonts/type1/public/amsfo
nts/cm/cmsy10.pfb></usr/share/texlive/texmf-dist/fonts/type1/public/amsfonts/cm
/cmti10.pfb></usr/share/texlive/texmf-dist/fonts/type1/public/amsfonts/cm/cmtt1
0.pfb>
Output written on 1.0-Walkthrough.pdf (49 pages, 2717485 bytes).
PDF statistics:
 876 PDF objects out of 1000 (max. 8388607)
 776 compressed objects within 8 object streams
 221 named destinations out of 1000 (max. 500000)
 703 words of extra memory for PDF output out of 10000 (max. 10000000)

