\BOOKMARK [1][-]{section.1}{Abstract}{}% 1
\BOOKMARK [1][-]{section.2}{Objective and Deliverables}{}% 2
\BOOKMARK [1][-]{section.3}{Installation}{}% 3
\BOOKMARK [2][-]{subsection.3.1}{Ubuntu}{section.3}% 4
\BOOKMARK [2][-]{subsection.3.2}{Installatio-of-Apache2-,-PHP-and-MySQL-LAMP-server}{section.3}% 5
\BOOKMARK [3][-]{subsubsection.3.2.1}{Install Apache}{subsection.3.2}% 6
\BOOKMARK [3][-]{subsubsection.3.2.2}{Install MySQL}{subsection.3.2}% 7
\BOOKMARK [3][-]{subsubsection.3.2.3}{Install PHP}{subsection.3.2}% 8
\BOOKMARK [2][-]{subsection.3.3}{Broker and nodejs}{section.3}% 9
\BOOKMARK [2][-]{subsection.3.4}{Testing the broker}{section.3}% 10
\BOOKMARK [2][-]{subsection.3.5}{Troubleshooting}{section.3}% 11
\BOOKMARK [1][-]{section.4}{Research}{}% 12
\BOOKMARK [2][-]{subsection.4.1}{The Thing system - Architecture}{section.4}% 13
\BOOKMARK [2][-]{subsection.4.2}{openhab}{section.4}% 14
\BOOKMARK [2][-]{subsection.4.3}{Solenoid valves}{section.4}% 15
\BOOKMARK [2][-]{subsection.4.4}{Latching solenoid valves}{section.4}% 16
\BOOKMARK [2][-]{subsection.4.5}{Batteries}{section.4}% 17
\BOOKMARK [2][-]{subsection.4.6}{Power consumption}{section.4}% 18
\BOOKMARK [3][-]{subsubsection.4.6.1}{Solenoid Valve}{subsection.4.6}% 19
\BOOKMARK [3][-]{subsubsection.4.6.2}{ESP8266 WIFI module}{subsection.4.6}% 20
\BOOKMARK [2][-]{subsection.4.7}{Progress stages}{section.4}% 21
\BOOKMARK [2][-]{subsection.4.8}{Configuring MOSCA with openHAB}{section.4}% 22
\BOOKMARK [1][-]{section.5}{ESP8266 WiFi module}{}% 23
\BOOKMARK [2][-]{subsection.5.1}{IDE for ESP8266}{section.5}% 24
\BOOKMARK [2][-]{subsection.5.2}{MQTT in ESP8266}{section.5}% 25
\BOOKMARK [2][-]{subsection.5.3}{Analog to digital conversion in ESP8266}{section.5}% 26
\BOOKMARK [3][-]{subsubsection.5.3.1}{Features}{subsection.5.3}% 27
\BOOKMARK [3][-]{subsubsection.5.3.2}{Implementation}{subsection.5.3}% 28
\BOOKMARK [3][-]{subsubsection.5.3.3}{Observations}{subsection.5.3}% 29
\BOOKMARK [2][-]{subsection.5.4}{Troubleshooting}{section.5}% 30
\BOOKMARK [1][-]{section.6}{Circuit design and testing}{}% 31
\BOOKMARK [2][-]{subsection.6.1}{The circuit for controlling of ESP8266}{section.6}% 32
\BOOKMARK [2][-]{subsection.6.2}{The circuit for controlling the solenoid valves}{section.6}% 33
\BOOKMARK [1][-]{section.7}{nodeMCU firmware}{}% 34
\BOOKMARK [2][-]{subsection.7.1}{Installation procedure:}{section.7}% 35
\BOOKMARK [2][-]{subsection.7.2}{ESPlorer IDE}{section.7}% 36
\BOOKMARK [2][-]{subsection.7.3}{Troubleshooting}{section.7}% 37
\BOOKMARK [1][-]{section.8}{Protocols for communication}{}% 38
\BOOKMARK [2][-]{subsection.8.1}{Material for reading}{section.8}% 39
\BOOKMARK [2][-]{subsection.8.2}{Message queing telemetry transport}{section.8}% 40
\BOOKMARK [1][-]{section.9}{MOSCA broker}{}% 41
\BOOKMARK [2][-]{subsection.9.1}{Running MOSCA}{section.9}% 42
\BOOKMARK [3][-]{subsubsection.9.1.1}{Configuring IP on which MOSCA has to be run.}{subsection.9.1}% 43
\BOOKMARK [3][-]{subsubsection.9.1.2}{Interfacing MOSCA and ESP}{subsection.9.1}% 44
\BOOKMARK [2][-]{subsection.9.2}{Troubleshooting}{section.9}% 45
\BOOKMARK [3][-]{subsubsection.9.2.1}{ESP8266}{subsection.9.2}% 46
\BOOKMARK [3][-]{subsubsection.9.2.2}{MOSCA server}{subsection.9.2}% 47
\BOOKMARK [1][-]{section.10}{Database handling and UI design}{}% 48
\BOOKMARK [1][-]{section.11}{Power Analysis}{}% 49
\BOOKMARK [2][-]{subsection.11.1}{Modes of operation of ESP8266:}{section.11}% 50
\BOOKMARK [2][-]{subsection.11.2}{WIFI sleep modes}{section.11}% 51
\BOOKMARK [2][-]{subsection.11.3}{Implementaton}{section.11}% 52
\BOOKMARK [2][-]{subsection.11.4}{Steps}{section.11}% 53
\BOOKMARK [2][-]{subsection.11.5}{Graphs showing current consumption}{section.11}% 54
\BOOKMARK [2][-]{subsection.11.6}{Future plans}{section.11}% 55
\BOOKMARK [2][-]{subsection.11.7}{Problems}{section.11}% 56
\BOOKMARK [1][-]{section.12}{Experimental features and notes}{}% 57
\BOOKMARK [2][-]{subsection.12.1}{YL-69 Soil Hygrometer Humidity \046 Soil Moisture Detection Sensor}{section.12}% 58
\BOOKMARK [3][-]{subsubsection.12.1.1}{Specifications}{subsection.12.1}% 59
\BOOKMARK [3][-]{subsubsection.12.1.2}{Key Features}{subsection.12.1}% 60
\BOOKMARK [3][-]{subsubsection.12.1.3}{Implementation}{subsection.12.1}% 61
\BOOKMARK [2][-]{subsection.12.2}{Schematic and PCB Design}{section.12}% 62
\BOOKMARK [3][-]{subsubsection.12.2.1}{Schematics in KICAD}{subsection.12.2}% 63
\BOOKMARK [3][-]{subsubsection.12.2.2}{Netlists and footprints}{subsection.12.2}% 64
\BOOKMARK [3][-]{subsubsection.12.2.3}{PCB designing with PCBNEW}{subsection.12.2}% 65
\BOOKMARK [1][-]{section.13}{Cost analysis}{}% 66
\BOOKMARK [1][-]{section.14}{Bugs}{}% 67
\BOOKMARK [2][-]{subsection.14.1}{Hardware}{section.14}% 68
\BOOKMARK [2][-]{subsection.14.2}{Software}{section.14}% 69
\BOOKMARK [1][-]{section.15}{Future work}{}% 70
\BOOKMARK [2][-]{subsection.15.1}{Hardware}{section.15}% 71
\BOOKMARK [2][-]{subsection.15.2}{Software}{section.15}% 72
