This is pdfTeX, Version 3.1415926-2.5-1.40.14 (TeX Live 2013/Debian) (format=pdflatex 2015.5.29)  6 JUL 2015 19:47
entering extended mode
 restricted \write18 enabled.
 %&-line parsing enabled.
**1.0-Walkthrough.tex
(./1.0-Walkthrough.tex
LaTeX2e <2011/06/27>
Babel <3.9h> and hyphenation patterns for 2 languages loaded.
(/usr/share/texlive/texmf-dist/tex/latex/base/article.cls
Document Class: article 2007/10/19 v1.4h Standard LaTeX document class
(/usr/share/texlive/texmf-dist/tex/latex/base/size10.clo
File: size10.clo 2007/10/19 v1.4h Standard LaTeX file (size option)
)
\c@part=\count79
\c@section=\count80
\c@subsection=\count81
\c@subsubsection=\count82
\c@paragraph=\count83
\c@subparagraph=\count84
\c@figure=\count85
\c@table=\count86
\abovecaptionskip=\skip41
\belowcaptionskip=\skip42
\bibindent=\dimen102
)
(/usr/share/texlive/texmf-dist/tex/latex/graphics/graphicx.sty
Package: graphicx 1999/02/16 v1.0f Enhanced LaTeX Graphics (DPC,SPQR)

(/usr/share/texlive/texmf-dist/tex/latex/graphics/keyval.sty
Package: keyval 1999/03/16 v1.13 key=value parser (DPC)
\KV@toks@=\toks14
)
(/usr/share/texlive/texmf-dist/tex/latex/graphics/graphics.sty
Package: graphics 2009/02/05 v1.0o Standard LaTeX Graphics (DPC,SPQR)

(/usr/share/texlive/texmf-dist/tex/latex/graphics/trig.sty
Package: trig 1999/03/16 v1.09 sin cos tan (DPC)
)
(/usr/share/texlive/texmf-dist/tex/latex/latexconfig/graphics.cfg
File: graphics.cfg 2010/04/23 v1.9 graphics configuration of TeX Live
)
Package graphics Info: Driver file: pdftex.def on input line 91.

(/usr/share/texlive/texmf-dist/tex/latex/pdftex-def/pdftex.def
File: pdftex.def 2011/05/27 v0.06d Graphics/color for pdfTeX

(/usr/share/texlive/texmf-dist/tex/generic/oberdiek/infwarerr.sty
Package: infwarerr 2010/04/08 v1.3 Providing info/warning/error messages (HO)
)
(/usr/share/texlive/texmf-dist/tex/generic/oberdiek/ltxcmds.sty
Package: ltxcmds 2011/11/09 v1.22 LaTeX kernel commands for general use (HO)
)
\Gread@gobject=\count87
))
\Gin@req@height=\dimen103
\Gin@req@width=\dimen104
)
(/usr/share/texlive/texmf-dist/tex/latex/tools/array.sty
Package: array 2008/09/09 v2.4c Tabular extension package (FMi)
\col@sep=\dimen105
\extrarowheight=\dimen106
\NC@list=\toks15
\extratabsurround=\skip43
\backup@length=\skip44
)

LaTeX Warning: Unused global option(s):
    [16pt].

(./1.0-Walkthrough.aux)
\openout1 = `1.0-Walkthrough.aux'.

LaTeX Font Info:    Checking defaults for OML/cmm/m/it on input line 6.
LaTeX Font Info:    ... okay on input line 6.
LaTeX Font Info:    Checking defaults for T1/cmr/m/n on input line 6.
LaTeX Font Info:    ... okay on input line 6.
LaTeX Font Info:    Checking defaults for OT1/cmr/m/n on input line 6.
LaTeX Font Info:    ... okay on input line 6.
LaTeX Font Info:    Checking defaults for OMS/cmsy/m/n on input line 6.
LaTeX Font Info:    ... okay on input line 6.
LaTeX Font Info:    Checking defaults for OMX/cmex/m/n on input line 6.
LaTeX Font Info:    ... okay on input line 6.
LaTeX Font Info:    Checking defaults for U/cmr/m/n on input line 6.
LaTeX Font Info:    ... okay on input line 6.

(/usr/share/texlive/texmf-dist/tex/context/base/supp-pdf.mkii
[Loading MPS to PDF converter (version 2006.09.02).]
\scratchcounter=\count88
\scratchdimen=\dimen107
\scratchbox=\box26
\nofMPsegments=\count89
\nofMParguments=\count90
\everyMPshowfont=\toks16
\MPscratchCnt=\count91
\MPscratchDim=\dimen108
\MPnumerator=\count92
\makeMPintoPDFobject=\count93
\everyMPtoPDFconversion=\toks17
) (/usr/share/texlive/texmf-dist/tex/generic/oberdiek/pdftexcmds.sty
Package: pdftexcmds 2011/11/29 v0.20 Utility functions of pdfTeX for LuaTeX (HO
)

(/usr/share/texlive/texmf-dist/tex/generic/oberdiek/ifluatex.sty
Package: ifluatex 2010/03/01 v1.3 Provides the ifluatex switch (HO)
Package ifluatex Info: LuaTeX not detected.
)
(/usr/share/texlive/texmf-dist/tex/generic/oberdiek/ifpdf.sty
Package: ifpdf 2011/01/30 v2.3 Provides the ifpdf switch (HO)
Package ifpdf Info: pdfTeX in PDF mode is detected.
)
Package pdftexcmds Info: LuaTeX not detected.
Package pdftexcmds Info: \pdf@primitive is available.
Package pdftexcmds Info: \pdf@ifprimitive is available.
Package pdftexcmds Info: \pdfdraftmode found.
)
(/usr/share/texlive/texmf-dist/tex/latex/oberdiek/epstopdf-base.sty
Package: epstopdf-base 2010/02/09 v2.5 Base part for package epstopdf

(/usr/share/texlive/texmf-dist/tex/latex/oberdiek/grfext.sty
Package: grfext 2010/08/19 v1.1 Manage graphics extensions (HO)

(/usr/share/texlive/texmf-dist/tex/generic/oberdiek/kvdefinekeys.sty
Package: kvdefinekeys 2011/04/07 v1.3 Define keys (HO)
))
(/usr/share/texlive/texmf-dist/tex/latex/oberdiek/kvoptions.sty
Package: kvoptions 2011/06/30 v3.11 Key value format for package options (HO)

(/usr/share/texlive/texmf-dist/tex/generic/oberdiek/kvsetkeys.sty
Package: kvsetkeys 2012/04/25 v1.16 Key value parser (HO)

(/usr/share/texlive/texmf-dist/tex/generic/oberdiek/etexcmds.sty
Package: etexcmds 2011/02/16 v1.5 Avoid name clashes with e-TeX commands (HO)
Package etexcmds Info: Could not find \expanded.
(etexcmds)             That can mean that you are not using pdfTeX 1.50 or
(etexcmds)             that some package has redefined \expanded.
(etexcmds)             In the latter case, load this package earlier.
)))
Package grfext Info: Graphics extension search list:
(grfext)             [.png,.pdf,.jpg,.mps,.jpeg,.jbig2,.jb2,.PNG,.PDF,.JPG,.JPE
G,.JBIG2,.JB2,.eps]
(grfext)             \AppendGraphicsExtensions on input line 452.

(/usr/share/texlive/texmf-dist/tex/latex/latexconfig/epstopdf-sys.cfg
File: epstopdf-sys.cfg 2010/07/13 v1.3 Configuration of (r)epstopdf for TeX Liv
e
))
Underfull \hbox (badness 10000) in paragraph at lines 16--17

 []


Underfull \hbox (badness 10000) in paragraph at lines 19--21

 []

LaTeX Font Info:    External font `cmex10' loaded for size
(Font)              <7> on input line 26.
LaTeX Font Info:    External font `cmex10' loaded for size
(Font)              <5> on input line 26.

Underfull \hbox (badness 10000) in paragraph at lines 26--27

 []


Underfull \hbox (badness 10000) in paragraph at lines 28--29

 []


Underfull \hbox (badness 10000) in paragraph at lines 34--35

 []


Underfull \hbox (badness 10000) in paragraph at lines 36--37

 []

[1

{/var/lib/texmf/fonts/map/pdftex/updmap/pdftex.map}] (./1.0-Walkthrough.toc
[1]
Underfull \hbox (badness 10000) in paragraph at lines 44--44
 []  
 []

)
\tf@toc=\write3
\openout3 = `1.0-Walkthrough.toc'.

 [2] [3]
Underfull \hbox (badness 10000) in paragraph at lines 67--68

 []

LaTeX Font Info:    Try loading font information for OMS+cmr on input line 78.
(/usr/share/texlive/texmf-dist/tex/latex/base/omscmr.fd
File: omscmr.fd 1999/05/25 v2.5h Standard LaTeX font definitions
)
LaTeX Font Info:    Font shape `OMS/cmr/m/n' in size <10> not available
(Font)              Font shape `OMS/cmsy/m/n' tried instead on input line 78.
 [4]
Overfull \hbox (10.3467pt too wide) in paragraph at lines 106--108
[]\OT1/cmr/m/n/10 If you use face fur-ther prob-lems use GRUB cus-tomizer from 
UBUNTU.Install
 []


Overfull \hbox (11.43024pt too wide) in paragraph at lines 131--132
[]\OT1/cmr/m/n/10 Download open-HAB from its Github repos-i-tory https://github
.com/openhab 
 []


Overfull \hbox (18.14314pt too wide) in paragraph at lines 138--138
[]\OT1/cmr/bx/n/12 Installatio-of-Apache2-,-PHP-and-MySQL-LAMP-server 
 []

[5]
Overfull \hbox (12.08698pt too wide) in paragraph at lines 182--185
[]\OT1/cmtt/m/n/10 sysconf[]addword /etc/sysconfig/SuSEfirewall2 FW[]CONFIGURAT
IONS[]EXT
 []


Overfull \hbox (36.05887pt too wide) in paragraph at lines 182--185
\OT1/cmtt/m/n/10 apache2 sysconf[]addword /etc/sysconfig/SuSEfirewall2 FW[]CONF
IGURATIONS[]EXT
 []

[6] [7]
LaTeX Font Info:    Try loading font information for OML+cmr on input line 319.

 (/usr/share/texlive/texmf-dist/tex/latex/base/omlcmr.fd
File: omlcmr.fd 1999/05/25 v2.5h Standard LaTeX font definitions
)
LaTeX Font Info:    Font shape `OML/cmr/m/n' in size <10> not available
(Font)              Font shape `OML/cmm/m/it' tried instead on input line 319.
 [8] [9]
[10] [11] [12] [13] [14] [15]
Overfull \hbox (3.63947pt too wide) in paragraph at lines 963--966
[]\OT1/cmr/m/n/10 This is an-other al-ter-na-tive to the same, Us-ing dual Hbri
dge driver DRV8841 
 []

[16] [17]
Overfull \hbox (29.02722pt too wide) in paragraph at lines 1017--1018
[]\OT1/cmtt/m/n/10 sudo python esptool.py --port /dev/ttyUSB0 write[]flash 0x00
000
 []

[18]
Underfull \hbox (badness 10000) in paragraph at lines 1072--1077

 []


Overfull \hbox (54.61014pt too wide) in paragraph at lines 1078--1094
[]\OT1/cmtt/m/n/10 pip install pyserial\OT1/cmr/m/n/10 , \OT1/cmtt/m/n/10 easy[
]install pyserial \OT1/cmr/m/n/10 or \OT1/cmtt/m/n/10 apt-get install python-se
rial 
 []

[19] [20] [21]
LaTeX Font Info:    Font shape `OML/cmr/m/it' in size <10> not available
(Font)              Font shape `OML/cmm/m/it' tried instead on input line 1213.

LaTeX Font Info:    Font shape `OMS/cmr/bx/it' in size <10> not available
(Font)              Font shape `OMS/cmsy/b/n' tried instead on input line 1213.

LaTeX Font Info:    Try loading font information for OMS+cmtt on input line 121
5.
LaTeX Font Info:    No file OMScmtt.fd. on input line 1215.


LaTeX Font Warning: Font shape `OMS/cmtt/m/it' undefined
(Font)              using `OMS/cmsy/m/n' instead
(Font)              for symbol `textbar' on input line 1215.

LaTeX Font Info:    Font shape `OMS/cmr/m/it' in size <10> not available
(Font)              Font shape `OMS/cmsy/m/n' tried instead on input line 1243.

[22]
Overfull \hbox (1.83096pt too wide) in paragraph at lines 1283--1287
[]\OT1/cmr/m/n/10 The lo-cal IP must be changed in the the ESP and also the \OM
L/cmm/m/it/10 >\OT1/cmtt/m/n/10 client-pub.js
 []


Overfull \hbox (84.74638pt too wide) in paragraph at lines 1316--1317
[]\OT1/cmtt/m/n/10 javacript mqtt:broker.url=tcp://192.168.0.100:1883 mqtt:brok
er.clientId=openhab 
 []

[23]
Underfull \hbox (badness 10000) in paragraph at lines 1334--1334

 []

LaTeX Font Info:    External font `cmex10' loaded for size
(Font)              <14.4> on input line 1337.
LaTeX Font Info:    Font shape `OMS/cmr/bx/n' in size <10> not available
(Font)              Font shape `OMS/cmsy/b/n' tried instead on input line 1358.


Overfull \hbox (52.5873pt too wide) in paragraph at lines 1366--1378
\OMS/cmsy/m/n/10 j \OT1/cmr/m/n/10 seen \OMS/cmsy/m/n/10 j \OT1/cmr/m/n/10 time
s-tamp \OMS/cmsy/m/n/10 j \OT1/cmr/m/n/10 NO \OMS/cmsy/m/n/10 j j \OT1/cmr/m/n/
10 CUR-RENT[]TIMESTAMP \OMS/cmsy/m/n/10 j \OT1/cmr/m/n/10 on up-date CUR-RENT[]
TIMESTAMP
 []

[24]
LaTeX Font Info:    Font shape `OML/cmr/bx/n' in size <10> not available
(Font)              Font shape `OML/cmm/b/it' tried instead on input line 1446.

 [25]
LaTeX Font Info:    Font shape `OT1/cmtt/bx/n' in size <10> not available
(Font)              Font shape `OT1/cmtt/m/n' tried instead on input line 1533.

 [26]
Overfull \hbox (28.93256pt too wide) in paragraph at lines 1552--1555
[]\OT1/cmr/bx/it/10 wifi.NONE[]SLEEP\OT1/cmr/m/n/10 : wake up de-vice from LIGH
T[]SLEEP or MO-DEM[]SLEEP
 []

[27]
Underfull \hbox (badness 10000) in paragraph at lines 1639--1641

 []


Underfull \hbox (badness 10000) in paragraph at lines 1644--1646

 []


Underfull \hbox (badness 10000) in paragraph at lines 1649--1651

 []

[28]
</home/kevin/git_IoT_WiKi/eYSIP_2015_IoT-Connected-valves-for-irrigation-of-gre
enhouse.wiki/images/average_current1.png, id=107, 831.105pt x 520.94624pt>
File: /home/kevin/git_IoT_WiKi/eYSIP_2015_IoT-Connected-valves-for-irrigation-o
f-greenhouse.wiki/images/average_current1.png Graphic file (type png)

<use /home/kevin/git_IoT_WiKi/eYSIP_2015_IoT-Connected-valves-for-irrigation-of
-greenhouse.wiki/images/average_current1.png>
Package pdftex.def Info: /home/kevin/git_IoT_WiKi/eYSIP_2015_IoT-Connected-valv
es-for-irrigation-of-greenhouse.wiki/images/average_current1.png used on input 
line 1741.
(pdftex.def)             Requested size: 413.99895pt x 259.49475pt.

Overfull \hbox (68.99895pt too wide) in paragraph at lines 1741--1742
[] 
 []


</home/kevin/git_IoT_WiKi/eYSIP_2015_IoT-Connected-valves-for-irrigation-of-gre
enhouse.wiki/images/peak_current1.png, id=109, 819.06pt x 532.99126pt>
File: /home/kevin/git_IoT_WiKi/eYSIP_2015_IoT-Connected-valves-for-irrigation-o
f-greenhouse.wiki/images/peak_current1.png Graphic file (type png)

<use /home/kevin/git_IoT_WiKi/eYSIP_2015_IoT-Connected-valves-for-irrigation-of
-greenhouse.wiki/images/peak_current1.png>
Package pdftex.def Info: /home/kevin/git_IoT_WiKi/eYSIP_2015_IoT-Connected-valv
es-for-irrigation-of-greenhouse.wiki/images/peak_current1.png used on input lin
e 1770.
(pdftex.def)             Requested size: 413.99895pt x 269.40651pt.

Overfull \hbox (68.99895pt too wide) in paragraph at lines 1770--1771
[][] 
 []


</home/kevin/git_IoT_WiKi/eYSIP_2015_IoT-Connected-valves-for-irrigation-of-gre
enhouse.wiki/images/breakup1.png, id=110, 780.9175pt x 552.0625pt>
File: /home/kevin/git_IoT_WiKi/eYSIP_2015_IoT-Connected-valves-for-irrigation-o
f-greenhouse.wiki/images/breakup1.png Graphic file (type png)

<use /home/kevin/git_IoT_WiKi/eYSIP_2015_IoT-Connected-valves-for-irrigation-of
-greenhouse.wiki/images/breakup1.png>
Package pdftex.def Info: /home/kevin/git_IoT_WiKi/eYSIP_2015_IoT-Connected-valv
es-for-irrigation-of-greenhouse.wiki/images/breakup1.png used on input line 180
3.
(pdftex.def)             Requested size: 413.99895pt x 292.67596pt.

Overfull \hbox (68.99895pt too wide) in paragraph at lines 1803--1804
[] 
 []

[29] [30 </home/kevin/git_IoT_WiKi/eYSIP_2015_IoT-Connected-valves-for-irrigati
on-of-greenhouse.wiki/images/average_current1.png>] [31 </home/kevin/git_IoT_Wi
Ki/eYSIP_2015_IoT-Connected-valves-for-irrigation-of-greenhouse.wiki/images/pea
k_current1.png>] [32 </home/kevin/git_IoT_WiKi/eYSIP_2015_IoT-Connected-valves-
for-irrigation-of-greenhouse.wiki/images/breakup1.png>] [33]
Missing character: There is no â in font cmr10!
Missing character: There is no „ in font cmr10!
Missing character: There is no ¦ in font cmr10!
 [34] [35] [36]
[37] [38] [39] (./1.0-Walkthrough.aux)

LaTeX Font Warning: Some font shapes were not available, defaults substituted.

 ) 
Here is how much of TeX's memory you used:
 1601 strings out of 495028
 24232 string characters out of 6181497
 80854 words of memory out of 5000000
 4802 multiletter control sequences out of 15000+600000
 8386 words of font info for 30 fonts, out of 8000000 for 9000
 14 hyphenation exceptions out of 8191
 37i,9n,23p,305b,290s stack positions out of 5000i,500n,10000p,200000b,80000s
</usr/share/texlive/texmf-dist/fonts/type1/public/amsfonts/cm/cmbsy10.pfb></u
sr/share/texlive/texmf-dist/fonts/type1/public/amsfonts/cm/cmbx10.pfb></usr/sha
re/texlive/texmf-dist/fonts/type1/public/amsfonts/cm/cmbx12.pfb></usr/share/tex
live/texmf-dist/fonts/type1/public/amsfonts/cm/cmbxti10.pfb></usr/share/texlive
/texmf-dist/fonts/type1/public/amsfonts/cm/cmitt10.pfb></usr/share/texlive/texm
f-dist/fonts/type1/public/amsfonts/cm/cmmi10.pfb></usr/share/texlive/texmf-dist
/fonts/type1/public/amsfonts/cm/cmmib10.pfb></usr/share/texlive/texmf-dist/font
s/type1/public/amsfonts/cm/cmr10.pfb></usr/share/texlive/texmf-dist/fonts/type1
/public/amsfonts/cm/cmr12.pfb></usr/share/texlive/texmf-dist/fonts/type1/public
/amsfonts/cm/cmsl10.pfb></usr/share/texlive/texmf-dist/fonts/type1/public/amsfo
nts/cm/cmsy10.pfb></usr/share/texlive/texmf-dist/fonts/type1/public/amsfonts/cm
/cmti10.pfb></usr/share/texlive/texmf-dist/fonts/type1/public/amsfonts/cm/cmtt1
0.pfb>
Output written on 1.0-Walkthrough.pdf (40 pages, 262652 bytes).
PDF statistics:
 194 PDF objects out of 1000 (max. 8388607)
 131 compressed objects within 2 object streams
 0 named destinations out of 1000 (max. 500000)
 16 words of extra memory for PDF output out of 10000 (max. 10000000)

